# JRE version: OpenJDK Runtime Environment (8.0_152-b01) (build 1.8.0_152-release-1343-b01)
# Java VM: OpenJDK 64-Bit Server VM (25.152-b01 mixed mode windows-amd64 compressed oops)
Heap:
 PSYoungGen      total 310272K, used 47840K [0x00000000e0000000, 0x00000000f5f00000, 0x0000000100000000)
  eden space 263168K, 14% used [0x00000000e0000000,0x00000000e264b0c0,0x00000000f0100000)
  from space 47104K, 18% used [0x00000000f0100000,0x00000000f096cf88,0x00000000f2f00000)
  to   space 46080K, 0% used [0x00000000f3200000,0x00000000f3200000,0x00000000f5f00000)
 ParOldGen       total 381440K, used 57999K [0x00000000a0000000, 0x00000000b7480000, 0x00000000e0000000)
  object space 381440K, 15% used [0x00000000a0000000,0x00000000a38a3cf0,0x00000000b7480000)
 Metaspace       used 92677K, capacity 96968K, committed 100120K, reserved 1136640K
  class space    used 11516K, capacity 12316K, committed 13080K, reserved 1048576K
GC Heap History (10 events):
Event: 1829.119 GC heap before
{Heap before GC invocations=27 (full 4):
 PSYoungGen      total 301056K, used 261392K [0x00000000e0000000, 0x00000000f5b00000, 0x0000000100000000)
  eden space 251904K, 100% used [0x00000000e0000000,0x00000000ef600000,0x00000000ef600000)
  from space 49152K, 19% used [0x00000000f2b00000,0x00000000f3444158,0x00000000f5b00000)
  to   space 51712K, 0% used [0x00000000ef600000,0x00000000ef600000,0x00000000f2880000)
 ParOldGen       total 381440K, used 57959K [0x00000000a0000000, 0x00000000b7480000, 0x00000000e0000000)
  object space 381440K, 15% used [0x00000000a0000000,0x00000000a3899cf0,0x00000000b7480000)
 Metaspace       used 92017K, capacity 96256K, committed 99352K, reserved 1136640K
  class space    used 11495K, capacity 12282K, committed 13080K, reserved 1048576K
Event: 1829.129 GC heap after
Heap after GC invocations=27 (full 4):
 PSYoungGen      total 303616K, used 12001K [0x00000000e0000000, 0x00000000f6080000, 0x0000000100000000)
  eden space 251904K, 0% used [0x00000000e0000000,0x00000000e0000000,0x00000000ef600000)
  from space 51712K, 23% used [0x00000000ef600000,0x00000000f01b85d0,0x00000000f2880000)
  to   space 50688K, 0% used [0x00000000f2f00000,0x00000000f2f00000,0x00000000f6080000)
 ParOldGen       total 381440K, used 57967K [0x00000000a0000000, 0x00000000b7480000, 0x00000000e0000000)
  object space 381440K, 15% used [0x00000000a0000000,0x00000000a389bcf0,0x00000000b7480000)
 Metaspace       used 92017K, capacity 96256K, committed 99352K, reserved 1136640K
  class space    used 11495K, capacity 12282K, committed 13080K, reserved 1048576K
}
Event: 1893.428 GC heap before
{Heap before GC invocations=28 (full 4):
 PSYoungGen      total 303616K, used 263905K [0x00000000e0000000, 0x00000000f6080000, 0x0000000100000000)
  eden space 251904K, 100% used [0x00000000e0000000,0x00000000ef600000,0x00000000ef600000)
  from space 51712K, 23% used [0x00000000ef600000,0x00000000f01b85d0,0x00000000f2880000)
  to   space 50688K, 0% used [0x00000000f2f00000,0x00000000f2f00000,0x00000000f6080000)
 ParOldGen       total 381440K, used 57967K [0x00000000a0000000, 0x00000000b7480000, 0x00000000e0000000)
  object space 381440K, 15% used [0x00000000a0000000,0x00000000a389bcf0,0x00000000b7480000)
 Metaspace       used 92191K, capacity 96522K, committed 99608K, reserved 1136640K
  class space    used 11495K, capacity 12283K, committed 13080K, reserved 1048576K
Event: 1893.437 GC heap after
Heap after GC invocations=28 (full 4):
 PSYoungGen      total 306176K, used 7489K [0x00000000e0000000, 0x00000000f5e00000, 0x0000000100000000)
  eden space 258048K, 0% used [0x00000000e0000000,0x00000000e0000000,0x00000000efc00000)
  from space 48128K, 15% used [0x00000000f2f00000,0x00000000f3650548,0x00000000f5e00000)
  to   space 50176K, 0% used [0x00000000efc00000,0x00000000efc00000,0x00000000f2d00000)
 ParOldGen       total 381440K, used 57975K [0x00000000a0000000, 0x00000000b7480000, 0x00000000e0000000)
  object space 381440K, 15% used [0x00000000a0000000,0x00000000a389dcf0,0x00000000b7480000)
 Metaspace       used 92191K, capacity 96522K, committed 99608K, reserved 1136640K
  class space    used 11495K, capacity 12283K, committed 13080K, reserved 1048576K
}
Event: 1894.790 GC heap before
{Heap before GC invocations=29 (full 4):
 PSYoungGen      total 306176K, used 265537K [0x00000000e0000000, 0x00000000f5e00000, 0x0000000100000000)
  eden space 258048K, 100% used [0x00000000e0000000,0x00000000efc00000,0x00000000efc00000)
  from space 48128K, 15% used [0x00000000f2f00000,0x00000000f3650548,0x00000000f5e00000)
  to   space 50176K, 0% used [0x00000000efc00000,0x00000000efc00000,0x00000000f2d00000)
 ParOldGen       total 381440K, used 57975K [0x00000000a0000000, 0x00000000b7480000, 0x00000000e0000000)
  object space 381440K, 15% used [0x00000000a0000000,0x00000000a389dcf0,0x00000000b7480000)
 Metaspace       used 92279K, capacity 96596K, committed 99608K, reserved 1136640K
  class space    used 11496K, capacity 12284K, committed 13080K, reserved 1048576K
Event: 1894.797 GC heap after
Heap after GC invocations=29 (full 4):
 PSYoungGen      total 308224K, used 11801K [0x00000000e0000000, 0x00000000f6180000, 0x0000000100000000)
  eden space 258048K, 0% used [0x00000000e0000000,0x00000000e0000000,0x00000000efc00000)
  from space 50176K, 23% used [0x00000000efc00000,0x00000000f0786488,0x00000000f2d00000)
  to   space 48640K, 0% used [0x00000000f3200000,0x00000000f3200000,0x00000000f6180000)
 ParOldGen       total 381440K, used 57983K [0x00000000a0000000, 0x00000000b7480000, 0x00000000e0000000)
  object space 381440K, 15% used [0x00000000a0000000,0x00000000a389fcf0,0x00000000b7480000)
 Metaspace       used 92279K, capacity 96596K, committed 99608K, reserved 1136640K
  class space    used 11496K, capacity 12284K, committed 13080K, reserved 1048576K
}
Event: 2869.328 GC heap before
{Heap before GC invocations=30 (full 4):
 PSYoungGen      total 308224K, used 269849K [0x00000000e0000000, 0x00000000f6180000, 0x0000000100000000)
  eden space 258048K, 100% used [0x00000000e0000000,0x00000000efc00000,0x00000000efc00000)
  from space 50176K, 23% used [0x00000000efc00000,0x00000000f0786488,0x00000000f2d00000)
  to   space 48640K, 0% used [0x00000000f3200000,0x00000000f3200000,0x00000000f6180000)
 ParOldGen       total 381440K, used 57983K [0x00000000a0000000, 0x00000000b7480000, 0x00000000e0000000)
  object space 381440K, 15% used [0x00000000a0000000,0x00000000a389fcf0,0x00000000b7480000)
 Metaspace       used 92420K, capacity 96732K, committed 99864K, reserved 1136640K
  class space    used 11496K, capacity 12284K, committed 13080K, reserved 1048576K
Event: 2869.335 GC heap after
Heap after GC invocations=30 (full 4):
 PSYoungGen      total 307200K, used 12956K [0x00000000e0000000, 0x00000000f5d00000, 0x0000000100000000)
  eden space 263168K, 0% used [0x00000000e0000000,0x00000000e0000000,0x00000000f0100000)
  from space 44032K, 29% used [0x00000000f3200000,0x00000000f3ea7350,0x00000000f5d00000)
  to   space 47104K, 0% used [0x00000000f0100000,0x00000000f0100000,0x00000000f2f00000)
 ParOldGen       total 381440K, used 57991K [0x00000000a0000000, 0x00000000b7480000, 0x00000000e0000000)
  object space 381440K, 15% used [0x00000000a0000000,0x00000000a38a1cf0,0x00000000b7480000)
 Metaspace       used 92420K, capacity 96732K, committed 99864K, reserved 1136640K
  class space    used 11496K, capacity 12284K, committed 13080K, reserved 1048576K
}
Event: 2986.161 GC heap before
{Heap before GC invocations=31 (full 4):
 PSYoungGen      total 307200K, used 276119K [0x00000000e0000000, 0x00000000f5d00000, 0x0000000100000000)
  eden space 263168K, 99% used [0x00000000e0000000,0x00000000f00fe8f0,0x00000000f0100000)
  from space 44032K, 29% used [0x00000000f3200000,0x00000000f3ea7350,0x00000000f5d00000)
  to   space 47104K, 0% used [0x00000000f0100000,0x00000000f0100000,0x00000000f2f00000)
 ParOldGen       total 381440K, used 57991K [0x00000000a0000000, 0x00000000b7480000, 0x00000000e0000000)
  object space 381440K, 15% used [0x00000000a0000000,0x00000000a38a1cf0,0x00000000b7480000)
 Metaspace       used 92661K, capacity 96968K, committed 100120K, reserved 1136640K
  class space    used 11516K, capacity 12316K, committed 13080K, reserved 1048576K
Event: 2986.170 GC heap after
Heap after GC invocations=31 (full 4):
 PSYoungGen      total 310272K, used 8627K [0x00000000e0000000, 0x00000000f5f00000, 0x0000000100000000)
  eden space 263168K, 0% used [0x00000000e0000000,0x00000000e0000000,0x00000000f0100000)
  from space 47104K, 18% used [0x00000000f0100000,0x00000000f096cf88,0x00000000f2f00000)
  to   space 46080K, 0% used [0x00000000f3200000,0x00000000f3200000,0x00000000f5f00000)
 ParOldGen       total 381440K, used 57999K [0x00000000a0000000, 0x00000000b7480000, 0x00000000e0000000)
  object space 381440K, 15% used [0x00000000a0000000,0x00000000a38a3cf0,0x00000000b7480000)
 Metaspace       used 92661K, capacity 96968K, committed 100120K, reserved 1136640K
  class space    used 11516K, capacity 12316K, committed 13080K, reserved 1048576K
}

